<?xml version="1.0" encoding="UTF-8"?>
<testng-results skipped="0" failed="0" ignored="0" total="18" passed="18">
  <reporter-output>
  </reporter-output>
  <suite name="LoginSuite" duration-ms="129472" started-at="2020-06-13T16:19:47 MSK" finished-at="2020-06-13T16:21:56 MSK">
    <groups>
    </groups>
    <test name="Login-chrome" duration-ms="129472" started-at="2020-06-13T16:19:47 MSK" finished-at="2020-06-13T16:21:56 MSK">
      <class name="org.thetestingmap.testingchallenges.challenge_1.NegativeFirstNameTest">
        <test-method status="PASS" signature="initDriver(java.lang.reflect.Method, java.lang.String, org.testng.ITestContext)[pri:0, instance:org.thetestingmap.testingchallenges.challenge_1.NegativeFirstNameTest@24faea88]" name="initDriver" is-config="true" duration-ms="6845" started-at="2020-06-13T16:19:49 MSK" finished-at="2020-06-13T16:19:55 MSK">
          <params>
            <param index="0">
              <value>
                <![CDATA[public void org.thetestingmap.testingchallenges.challenge_1.NegativeFirstNameTest.negativeLogInTest(java.util.Map)]]>
              </value>
            </param>
            <param index="1">
              <value>
                <![CDATA[chrome]]>
              </value>
            </param>
            <param index="2">
              <value>
                <![CDATA[org.testng.TestRunner@2f08c4b]]>
              </value>
            </param>
          </params>
          <reporter-output>
          </reporter-output>
        </test-method> <!-- initDriver -->
        <test-method status="PASS" signature="negativeLogInTest(java.util.Map)[pri:1, instance:org.thetestingmap.testingchallenges.challenge_1.NegativeFirstNameTest@24faea88]" name="negativeLogInTest" duration-ms="1093" started-at="2020-06-13T16:19:55 MSK" data-provider="csvReader" finished-at="2020-06-13T16:19:56 MSK">
          <params>
            <param index="0">
              <value>
                <![CDATA[{firstName=Your username}]]>
              </value>
            </param>
          </params>
          <reporter-output>
          </reporter-output>
        </test-method> <!-- negativeLogInTest -->
        <test-method status="PASS" signature="closeDriver(org.testng.ITestResult)[pri:0, instance:org.thetestingmap.testingchallenges.challenge_1.NegativeFirstNameTest@24faea88]" name="closeDriver" is-config="true" duration-ms="47" started-at="2020-06-13T16:19:57 MSK" finished-at="2020-06-13T16:19:57 MSK">
          <params>
            <param index="0">
              <value>
                <![CDATA[[TestResult name=negativeLogInTest status=SUCCESS method=NegativeFirstNameTest.negativeLogInTest(java.util.Map)[pri:1, instance:org.thetestingmap.testingchallenges.challenge_1.NegativeFirstNameTest@24faea88] output={null}]]]>
              </value>
            </param>
          </params>
          <reporter-output>
          </reporter-output>
        </test-method> <!-- closeDriver -->
        <test-method status="PASS" signature="initDriver(java.lang.reflect.Method, java.lang.String, org.testng.ITestContext)[pri:0, instance:org.thetestingmap.testingchallenges.challenge_1.NegativeFirstNameTest@24faea88]" name="initDriver" is-config="true" duration-ms="5859" started-at="2020-06-13T16:19:57 MSK" finished-at="2020-06-13T16:20:02 MSK">
          <params>
            <param index="0">
              <value>
                <![CDATA[public void org.thetestingmap.testingchallenges.challenge_1.NegativeFirstNameTest.negativeLogInTest(java.util.Map)]]>
              </value>
            </param>
            <param index="1">
              <value>
                <![CDATA[chrome]]>
              </value>
            </param>
            <param index="2">
              <value>
                <![CDATA[org.testng.TestRunner@2f08c4b]]>
              </value>
            </param>
          </params>
          <reporter-output>
          </reporter-output>
        </test-method> <!-- initDriver -->
        <test-method status="PASS" signature="negativeLogInTest(java.util.Map)[pri:1, instance:org.thetestingmap.testingchallenges.challenge_1.NegativeFirstNameTest@24faea88]" name="negativeLogInTest" duration-ms="989" started-at="2020-06-13T16:20:02 MSK" data-provider="csvReader" finished-at="2020-06-13T16:20:03 MSK">
          <params>
            <param index="0">
              <value>
                <![CDATA[{firstName=Р СѓСЃСЃРєРёР№}]]>
              </value>
            </param>
          </params>
          <reporter-output>
          </reporter-output>
        </test-method> <!-- negativeLogInTest -->
        <test-method status="PASS" signature="closeDriver(org.testng.ITestResult)[pri:0, instance:org.thetestingmap.testingchallenges.challenge_1.NegativeFirstNameTest@24faea88]" name="closeDriver" is-config="true" duration-ms="50" started-at="2020-06-13T16:20:03 MSK" finished-at="2020-06-13T16:20:03 MSK">
          <params>
            <param index="0">
              <value>
                <![CDATA[[TestResult name=negativeLogInTest status=SUCCESS method=NegativeFirstNameTest.negativeLogInTest(java.util.Map)[pri:1, instance:org.thetestingmap.testingchallenges.challenge_1.NegativeFirstNameTest@24faea88] output={null}]]]>
              </value>
            </param>
          </params>
          <reporter-output>
          </reporter-output>
        </test-method> <!-- closeDriver -->
        <test-method status="PASS" signature="initDriver(java.lang.reflect.Method, java.lang.String, org.testng.ITestContext)[pri:0, instance:org.thetestingmap.testingchallenges.challenge_1.NegativeFirstNameTest@24faea88]" name="initDriver" is-config="true" duration-ms="5435" started-at="2020-06-13T16:20:03 MSK" finished-at="2020-06-13T16:20:09 MSK">
          <params>
            <param index="0">
              <value>
                <![CDATA[public void org.thetestingmap.testingchallenges.challenge_1.NegativeFirstNameTest.negativeLogInTest(java.util.Map)]]>
              </value>
            </param>
            <param index="1">
              <value>
                <![CDATA[chrome]]>
              </value>
            </param>
            <param index="2">
              <value>
                <![CDATA[org.testng.TestRunner@2f08c4b]]>
              </value>
            </param>
          </params>
          <reporter-output>
          </reporter-output>
        </test-method> <!-- initDriver -->
        <test-method status="PASS" signature="negativeLogInTest(java.util.Map)[pri:1, instance:org.thetestingmap.testingchallenges.challenge_1.NegativeFirstNameTest@24faea88]" name="negativeLogInTest" duration-ms="954" started-at="2020-06-13T16:20:09 MSK" data-provider="csvReader" finished-at="2020-06-13T16:20:10 MSK">
          <params>
            <param index="0">
              <value>
                <![CDATA[{firstName=a}]]>
              </value>
            </param>
          </params>
          <reporter-output>
          </reporter-output>
        </test-method> <!-- negativeLogInTest -->
        <test-method status="PASS" signature="closeDriver(org.testng.ITestResult)[pri:0, instance:org.thetestingmap.testingchallenges.challenge_1.NegativeFirstNameTest@24faea88]" name="closeDriver" is-config="true" duration-ms="36" started-at="2020-06-13T16:20:10 MSK" finished-at="2020-06-13T16:20:10 MSK">
          <params>
            <param index="0">
              <value>
                <![CDATA[[TestResult name=negativeLogInTest status=SUCCESS method=NegativeFirstNameTest.negativeLogInTest(java.util.Map)[pri:1, instance:org.thetestingmap.testingchallenges.challenge_1.NegativeFirstNameTest@24faea88] output={null}]]]>
              </value>
            </param>
          </params>
          <reporter-output>
          </reporter-output>
        </test-method> <!-- closeDriver -->
        <test-method status="PASS" signature="initDriver(java.lang.reflect.Method, java.lang.String, org.testng.ITestContext)[pri:0, instance:org.thetestingmap.testingchallenges.challenge_1.NegativeFirstNameTest@24faea88]" name="initDriver" is-config="true" duration-ms="5822" started-at="2020-06-13T16:20:10 MSK" finished-at="2020-06-13T16:20:16 MSK">
          <params>
            <param index="0">
              <value>
                <![CDATA[public void org.thetestingmap.testingchallenges.challenge_1.NegativeFirstNameTest.negativeLogInTest(java.util.Map)]]>
              </value>
            </param>
            <param index="1">
              <value>
                <![CDATA[chrome]]>
              </value>
            </param>
            <param index="2">
              <value>
                <![CDATA[org.testng.TestRunner@2f08c4b]]>
              </value>
            </param>
          </params>
          <reporter-output>
          </reporter-output>
        </test-method> <!-- initDriver -->
        <test-method status="PASS" signature="negativeLogInTest(java.util.Map)[pri:1, instance:org.thetestingmap.testingchallenges.challenge_1.NegativeFirstNameTest@24faea88]" name="negativeLogInTest" duration-ms="932" started-at="2020-06-13T16:20:16 MSK" data-provider="csvReader" finished-at="2020-06-13T16:20:17 MSK">
          <params>
            <param index="0">
              <value>
                <![CDATA[{firstName=''}]]>
              </value>
            </param>
          </params>
          <reporter-output>
          </reporter-output>
        </test-method> <!-- negativeLogInTest -->
        <test-method status="PASS" signature="closeDriver(org.testng.ITestResult)[pri:0, instance:org.thetestingmap.testingchallenges.challenge_1.NegativeFirstNameTest@24faea88]" name="closeDriver" is-config="true" duration-ms="50" started-at="2020-06-13T16:20:17 MSK" finished-at="2020-06-13T16:20:17 MSK">
          <params>
            <param index="0">
              <value>
                <![CDATA[[TestResult name=negativeLogInTest status=SUCCESS method=NegativeFirstNameTest.negativeLogInTest(java.util.Map)[pri:1, instance:org.thetestingmap.testingchallenges.challenge_1.NegativeFirstNameTest@24faea88] output={null}]]]>
              </value>
            </param>
          </params>
          <reporter-output>
          </reporter-output>
        </test-method> <!-- closeDriver -->
        <test-method status="PASS" signature="initDriver(java.lang.reflect.Method, java.lang.String, org.testng.ITestContext)[pri:0, instance:org.thetestingmap.testingchallenges.challenge_1.NegativeFirstNameTest@24faea88]" name="initDriver" is-config="true" duration-ms="5986" started-at="2020-06-13T16:20:17 MSK" finished-at="2020-06-13T16:20:23 MSK">
          <params>
            <param index="0">
              <value>
                <![CDATA[public void org.thetestingmap.testingchallenges.challenge_1.NegativeFirstNameTest.negativeLogInTest(java.util.Map)]]>
              </value>
            </param>
            <param index="1">
              <value>
                <![CDATA[chrome]]>
              </value>
            </param>
            <param index="2">
              <value>
                <![CDATA[org.testng.TestRunner@2f08c4b]]>
              </value>
            </param>
          </params>
          <reporter-output>
          </reporter-output>
        </test-method> <!-- initDriver -->
        <test-method status="PASS" signature="negativeLogInTest(java.util.Map)[pri:1, instance:org.thetestingmap.testingchallenges.challenge_1.NegativeFirstNameTest@24faea88]" name="negativeLogInTest" duration-ms="1036" started-at="2020-06-13T16:20:23 MSK" data-provider="csvReader" finished-at="2020-06-13T16:20:24 MSK">
          <params>
            <param index="0">
              <value>
                <![CDATA[{firstName=' '}]]>
              </value>
            </param>
          </params>
          <reporter-output>
          </reporter-output>
        </test-method> <!-- negativeLogInTest -->
        <test-method status="PASS" signature="closeDriver(org.testng.ITestResult)[pri:0, instance:org.thetestingmap.testingchallenges.challenge_1.NegativeFirstNameTest@24faea88]" name="closeDriver" is-config="true" duration-ms="58" started-at="2020-06-13T16:20:24 MSK" finished-at="2020-06-13T16:20:24 MSK">
          <params>
            <param index="0">
              <value>
                <![CDATA[[TestResult name=negativeLogInTest status=SUCCESS method=NegativeFirstNameTest.negativeLogInTest(java.util.Map)[pri:1, instance:org.thetestingmap.testingchallenges.challenge_1.NegativeFirstNameTest@24faea88] output={null}]]]>
              </value>
            </param>
          </params>
          <reporter-output>
          </reporter-output>
        </test-method> <!-- closeDriver -->
        <test-method status="PASS" signature="initDriver(java.lang.reflect.Method, java.lang.String, org.testng.ITestContext)[pri:0, instance:org.thetestingmap.testingchallenges.challenge_1.NegativeFirstNameTest@24faea88]" name="initDriver" is-config="true" duration-ms="5867" started-at="2020-06-13T16:20:24 MSK" finished-at="2020-06-13T16:20:30 MSK">
          <params>
            <param index="0">
              <value>
                <![CDATA[public void org.thetestingmap.testingchallenges.challenge_1.NegativeFirstNameTest.negativeLogInTest(java.util.Map)]]>
              </value>
            </param>
            <param index="1">
              <value>
                <![CDATA[chrome]]>
              </value>
            </param>
            <param index="2">
              <value>
                <![CDATA[org.testng.TestRunner@2f08c4b]]>
              </value>
            </param>
          </params>
          <reporter-output>
          </reporter-output>
        </test-method> <!-- initDriver -->
        <test-method status="PASS" signature="negativeLogInTest(java.util.Map)[pri:1, instance:org.thetestingmap.testingchallenges.challenge_1.NegativeFirstNameTest@24faea88]" name="negativeLogInTest" duration-ms="1080" started-at="2020-06-13T16:20:30 MSK" data-provider="csvReader" finished-at="2020-06-13T16:20:31 MSK">
          <params>
            <param index="0">
              <value>
                <![CDATA[{firstName= user}]]>
              </value>
            </param>
          </params>
          <reporter-output>
          </reporter-output>
        </test-method> <!-- negativeLogInTest -->
        <test-method status="PASS" signature="closeDriver(org.testng.ITestResult)[pri:0, instance:org.thetestingmap.testingchallenges.challenge_1.NegativeFirstNameTest@24faea88]" name="closeDriver" is-config="true" duration-ms="59" started-at="2020-06-13T16:20:31 MSK" finished-at="2020-06-13T16:20:31 MSK">
          <params>
            <param index="0">
              <value>
                <![CDATA[[TestResult name=negativeLogInTest status=SUCCESS method=NegativeFirstNameTest.negativeLogInTest(java.util.Map)[pri:1, instance:org.thetestingmap.testingchallenges.challenge_1.NegativeFirstNameTest@24faea88] output={null}]]]>
              </value>
            </param>
          </params>
          <reporter-output>
          </reporter-output>
        </test-method> <!-- closeDriver -->
        <test-method status="PASS" signature="initDriver(java.lang.reflect.Method, java.lang.String, org.testng.ITestContext)[pri:0, instance:org.thetestingmap.testingchallenges.challenge_1.NegativeFirstNameTest@24faea88]" name="initDriver" is-config="true" duration-ms="5984" started-at="2020-06-13T16:20:31 MSK" finished-at="2020-06-13T16:20:37 MSK">
          <params>
            <param index="0">
              <value>
                <![CDATA[public void org.thetestingmap.testingchallenges.challenge_1.NegativeFirstNameTest.negativeLogInTest(java.util.Map)]]>
              </value>
            </param>
            <param index="1">
              <value>
                <![CDATA[chrome]]>
              </value>
            </param>
            <param index="2">
              <value>
                <![CDATA[org.testng.TestRunner@2f08c4b]]>
              </value>
            </param>
          </params>
          <reporter-output>
          </reporter-output>
        </test-method> <!-- initDriver -->
        <test-method status="PASS" signature="negativeLogInTest(java.util.Map)[pri:1, instance:org.thetestingmap.testingchallenges.challenge_1.NegativeFirstNameTest@24faea88]" name="negativeLogInTest" duration-ms="1087" started-at="2020-06-13T16:20:37 MSK" data-provider="csvReader" finished-at="2020-06-13T16:20:38 MSK">
          <params>
            <param index="0">
              <value>
                <![CDATA[{firstName=user}]]>
              </value>
            </param>
          </params>
          <reporter-output>
          </reporter-output>
        </test-method> <!-- negativeLogInTest -->
        <test-method status="PASS" signature="closeDriver(org.testng.ITestResult)[pri:0, instance:org.thetestingmap.testingchallenges.challenge_1.NegativeFirstNameTest@24faea88]" name="closeDriver" is-config="true" duration-ms="49" started-at="2020-06-13T16:20:38 MSK" finished-at="2020-06-13T16:20:38 MSK">
          <params>
            <param index="0">
              <value>
                <![CDATA[[TestResult name=negativeLogInTest status=SUCCESS method=NegativeFirstNameTest.negativeLogInTest(java.util.Map)[pri:1, instance:org.thetestingmap.testingchallenges.challenge_1.NegativeFirstNameTest@24faea88] output={null}]]]>
              </value>
            </param>
          </params>
          <reporter-output>
          </reporter-output>
        </test-method> <!-- closeDriver -->
        <test-method status="PASS" signature="initDriver(java.lang.reflect.Method, java.lang.String, org.testng.ITestContext)[pri:0, instance:org.thetestingmap.testingchallenges.challenge_1.NegativeFirstNameTest@24faea88]" name="initDriver" is-config="true" duration-ms="5869" started-at="2020-06-13T16:20:38 MSK" finished-at="2020-06-13T16:20:44 MSK">
          <params>
            <param index="0">
              <value>
                <![CDATA[public void org.thetestingmap.testingchallenges.challenge_1.NegativeFirstNameTest.negativeLogInTest(java.util.Map)]]>
              </value>
            </param>
            <param index="1">
              <value>
                <![CDATA[chrome]]>
              </value>
            </param>
            <param index="2">
              <value>
                <![CDATA[org.testng.TestRunner@2f08c4b]]>
              </value>
            </param>
          </params>
          <reporter-output>
          </reporter-output>
        </test-method> <!-- initDriver -->
        <test-method status="PASS" signature="negativeLogInTest(java.util.Map)[pri:1, instance:org.thetestingmap.testingchallenges.challenge_1.NegativeFirstNameTest@24faea88]" name="negativeLogInTest" duration-ms="1387" started-at="2020-06-13T16:20:44 MSK" data-provider="csvReader" finished-at="2020-06-13T16:20:45 MSK">
          <params>
            <param index="0">
              <value>
                <![CDATA[{firstName=longlongNamelonglongNamelonglongNamelonglongNamelonglongName}]]>
              </value>
            </param>
          </params>
          <reporter-output>
          </reporter-output>
        </test-method> <!-- negativeLogInTest -->
        <test-method status="PASS" signature="closeDriver(org.testng.ITestResult)[pri:0, instance:org.thetestingmap.testingchallenges.challenge_1.NegativeFirstNameTest@24faea88]" name="closeDriver" is-config="true" duration-ms="41" started-at="2020-06-13T16:20:45 MSK" finished-at="2020-06-13T16:20:45 MSK">
          <params>
            <param index="0">
              <value>
                <![CDATA[[TestResult name=negativeLogInTest status=SUCCESS method=NegativeFirstNameTest.negativeLogInTest(java.util.Map)[pri:1, instance:org.thetestingmap.testingchallenges.challenge_1.NegativeFirstNameTest@24faea88] output={null}]]]>
              </value>
            </param>
          </params>
          <reporter-output>
          </reporter-output>
        </test-method> <!-- closeDriver -->
        <test-method status="PASS" signature="initDriver(java.lang.reflect.Method, java.lang.String, org.testng.ITestContext)[pri:0, instance:org.thetestingmap.testingchallenges.challenge_1.NegativeFirstNameTest@24faea88]" name="initDriver" is-config="true" duration-ms="5794" started-at="2020-06-13T16:20:45 MSK" finished-at="2020-06-13T16:20:51 MSK">
          <params>
            <param index="0">
              <value>
                <![CDATA[public void org.thetestingmap.testingchallenges.challenge_1.NegativeFirstNameTest.negativeLogInTest(java.util.Map)]]>
              </value>
            </param>
            <param index="1">
              <value>
                <![CDATA[chrome]]>
              </value>
            </param>
            <param index="2">
              <value>
                <![CDATA[org.testng.TestRunner@2f08c4b]]>
              </value>
            </param>
          </params>
          <reporter-output>
          </reporter-output>
        </test-method> <!-- initDriver -->
        <test-method status="PASS" signature="negativeLogInTest(java.util.Map)[pri:1, instance:org.thetestingmap.testingchallenges.challenge_1.NegativeFirstNameTest@24faea88]" name="negativeLogInTest" duration-ms="1052" started-at="2020-06-13T16:20:51 MSK" data-provider="csvReader" finished-at="2020-06-13T16:20:52 MSK">
          <params>
            <param index="0">
              <value>
                <![CDATA[{firstName=qwertyuiopqwertyuiopqwertyuiop}]]>
              </value>
            </param>
          </params>
          <reporter-output>
          </reporter-output>
        </test-method> <!-- negativeLogInTest -->
        <test-method status="PASS" signature="closeDriver(org.testng.ITestResult)[pri:0, instance:org.thetestingmap.testingchallenges.challenge_1.NegativeFirstNameTest@24faea88]" name="closeDriver" is-config="true" duration-ms="53" started-at="2020-06-13T16:20:52 MSK" finished-at="2020-06-13T16:20:52 MSK">
          <params>
            <param index="0">
              <value>
                <![CDATA[[TestResult name=negativeLogInTest status=SUCCESS method=NegativeFirstNameTest.negativeLogInTest(java.util.Map)[pri:1, instance:org.thetestingmap.testingchallenges.challenge_1.NegativeFirstNameTest@24faea88] output={null}]]]>
              </value>
            </param>
          </params>
          <reporter-output>
          </reporter-output>
        </test-method> <!-- closeDriver -->
        <test-method status="PASS" signature="initDriver(java.lang.reflect.Method, java.lang.String, org.testng.ITestContext)[pri:0, instance:org.thetestingmap.testingchallenges.challenge_1.NegativeFirstNameTest@24faea88]" name="initDriver" is-config="true" duration-ms="5850" started-at="2020-06-13T16:20:52 MSK" finished-at="2020-06-13T16:20:58 MSK">
          <params>
            <param index="0">
              <value>
                <![CDATA[public void org.thetestingmap.testingchallenges.challenge_1.NegativeFirstNameTest.negativeLogInTest(java.util.Map)]]>
              </value>
            </param>
            <param index="1">
              <value>
                <![CDATA[chrome]]>
              </value>
            </param>
            <param index="2">
              <value>
                <![CDATA[org.testng.TestRunner@2f08c4b]]>
              </value>
            </param>
          </params>
          <reporter-output>
          </reporter-output>
        </test-method> <!-- initDriver -->
        <test-method status="PASS" signature="negativeLogInTest(java.util.Map)[pri:1, instance:org.thetestingmap.testingchallenges.challenge_1.NegativeFirstNameTest@24faea88]" name="negativeLogInTest" duration-ms="1138" started-at="2020-06-13T16:20:58 MSK" data-provider="csvReader" finished-at="2020-06-13T16:20:59 MSK">
          <params>
            <param index="0">
              <value>
                <![CDATA[{firstName=;375^@@}]]>
              </value>
            </param>
          </params>
          <reporter-output>
          </reporter-output>
        </test-method> <!-- negativeLogInTest -->
        <test-method status="PASS" signature="closeDriver(org.testng.ITestResult)[pri:0, instance:org.thetestingmap.testingchallenges.challenge_1.NegativeFirstNameTest@24faea88]" name="closeDriver" is-config="true" duration-ms="43" started-at="2020-06-13T16:20:59 MSK" finished-at="2020-06-13T16:20:59 MSK">
          <params>
            <param index="0">
              <value>
                <![CDATA[[TestResult name=negativeLogInTest status=SUCCESS method=NegativeFirstNameTest.negativeLogInTest(java.util.Map)[pri:1, instance:org.thetestingmap.testingchallenges.challenge_1.NegativeFirstNameTest@24faea88] output={null}]]]>
              </value>
            </param>
          </params>
          <reporter-output>
          </reporter-output>
        </test-method> <!-- closeDriver -->
        <test-method status="PASS" signature="initDriver(java.lang.reflect.Method, java.lang.String, org.testng.ITestContext)[pri:0, instance:org.thetestingmap.testingchallenges.challenge_1.NegativeFirstNameTest@24faea88]" name="initDriver" is-config="true" duration-ms="5845" started-at="2020-06-13T16:20:59 MSK" finished-at="2020-06-13T16:21:05 MSK">
          <params>
            <param index="0">
              <value>
                <![CDATA[public void org.thetestingmap.testingchallenges.challenge_1.NegativeFirstNameTest.negativeLogInTest(java.util.Map)]]>
              </value>
            </param>
            <param index="1">
              <value>
                <![CDATA[chrome]]>
              </value>
            </param>
            <param index="2">
              <value>
                <![CDATA[org.testng.TestRunner@2f08c4b]]>
              </value>
            </param>
          </params>
          <reporter-output>
          </reporter-output>
        </test-method> <!-- initDriver -->
        <test-method status="PASS" signature="negativeLogInTest(java.util.Map)[pri:1, instance:org.thetestingmap.testingchallenges.challenge_1.NegativeFirstNameTest@24faea88]" name="negativeLogInTest" duration-ms="1045" started-at="2020-06-13T16:21:05 MSK" data-provider="csvReader" finished-at="2020-06-13T16:21:06 MSK">
          <params>
            <param index="0">
              <value>
                <![CDATA[{firstName=sdgsdgsa yet}]]>
              </value>
            </param>
          </params>
          <reporter-output>
          </reporter-output>
        </test-method> <!-- negativeLogInTest -->
        <test-method status="PASS" signature="closeDriver(org.testng.ITestResult)[pri:0, instance:org.thetestingmap.testingchallenges.challenge_1.NegativeFirstNameTest@24faea88]" name="closeDriver" is-config="true" duration-ms="42" started-at="2020-06-13T16:21:06 MSK" finished-at="2020-06-13T16:21:06 MSK">
          <params>
            <param index="0">
              <value>
                <![CDATA[[TestResult name=negativeLogInTest status=SUCCESS method=NegativeFirstNameTest.negativeLogInTest(java.util.Map)[pri:1, instance:org.thetestingmap.testingchallenges.challenge_1.NegativeFirstNameTest@24faea88] output={null}]]]>
              </value>
            </param>
          </params>
          <reporter-output>
          </reporter-output>
        </test-method> <!-- closeDriver -->
        <test-method status="PASS" signature="initDriver(java.lang.reflect.Method, java.lang.String, org.testng.ITestContext)[pri:0, instance:org.thetestingmap.testingchallenges.challenge_1.NegativeFirstNameTest@24faea88]" name="initDriver" is-config="true" duration-ms="7089" started-at="2020-06-13T16:21:06 MSK" finished-at="2020-06-13T16:21:13 MSK">
          <params>
            <param index="0">
              <value>
                <![CDATA[public void org.thetestingmap.testingchallenges.challenge_1.NegativeFirstNameTest.negativeLogInTest(java.util.Map)]]>
              </value>
            </param>
            <param index="1">
              <value>
                <![CDATA[chrome]]>
              </value>
            </param>
            <param index="2">
              <value>
                <![CDATA[org.testng.TestRunner@2f08c4b]]>
              </value>
            </param>
          </params>
          <reporter-output>
          </reporter-output>
        </test-method> <!-- initDriver -->
        <test-method status="PASS" signature="negativeLogInTest(java.util.Map)[pri:1, instance:org.thetestingmap.testingchallenges.challenge_1.NegativeFirstNameTest@24faea88]" name="negativeLogInTest" duration-ms="1227" started-at="2020-06-13T16:21:13 MSK" data-provider="csvReader" finished-at="2020-06-13T16:21:14 MSK">
          <params>
            <param index="0">
              <value>
                <![CDATA[{firstName=<div>}]]>
              </value>
            </param>
          </params>
          <reporter-output>
          </reporter-output>
        </test-method> <!-- negativeLogInTest -->
        <test-method status="PASS" signature="closeDriver(org.testng.ITestResult)[pri:0, instance:org.thetestingmap.testingchallenges.challenge_1.NegativeFirstNameTest@24faea88]" name="closeDriver" is-config="true" duration-ms="41" started-at="2020-06-13T16:21:14 MSK" finished-at="2020-06-13T16:21:14 MSK">
          <params>
            <param index="0">
              <value>
                <![CDATA[[TestResult name=negativeLogInTest status=SUCCESS method=NegativeFirstNameTest.negativeLogInTest(java.util.Map)[pri:1, instance:org.thetestingmap.testingchallenges.challenge_1.NegativeFirstNameTest@24faea88] output={null}]]]>
              </value>
            </param>
          </params>
          <reporter-output>
          </reporter-output>
        </test-method> <!-- closeDriver -->
        <test-method status="PASS" signature="initDriver(java.lang.reflect.Method, java.lang.String, org.testng.ITestContext)[pri:0, instance:org.thetestingmap.testingchallenges.challenge_1.NegativeFirstNameTest@24faea88]" name="initDriver" is-config="true" duration-ms="5880" started-at="2020-06-13T16:21:14 MSK" finished-at="2020-06-13T16:21:20 MSK">
          <params>
            <param index="0">
              <value>
                <![CDATA[public void org.thetestingmap.testingchallenges.challenge_1.NegativeFirstNameTest.negativeLogInTest(java.util.Map)]]>
              </value>
            </param>
            <param index="1">
              <value>
                <![CDATA[chrome]]>
              </value>
            </param>
            <param index="2">
              <value>
                <![CDATA[org.testng.TestRunner@2f08c4b]]>
              </value>
            </param>
          </params>
          <reporter-output>
          </reporter-output>
        </test-method> <!-- initDriver -->
        <test-method status="PASS" signature="negativeLogInTest(java.util.Map)[pri:1, instance:org.thetestingmap.testingchallenges.challenge_1.NegativeFirstNameTest@24faea88]" name="negativeLogInTest" duration-ms="1145" started-at="2020-06-13T16:21:20 MSK" data-provider="csvReader" finished-at="2020-06-13T16:21:21 MSK">
          <params>
            <param index="0">
              <value>
                <![CDATA[{firstName=<script>alert</script>}]]>
              </value>
            </param>
          </params>
          <reporter-output>
          </reporter-output>
        </test-method> <!-- negativeLogInTest -->
        <test-method status="PASS" signature="closeDriver(org.testng.ITestResult)[pri:0, instance:org.thetestingmap.testingchallenges.challenge_1.NegativeFirstNameTest@24faea88]" name="closeDriver" is-config="true" duration-ms="43" started-at="2020-06-13T16:21:21 MSK" finished-at="2020-06-13T16:21:22 MSK">
          <params>
            <param index="0">
              <value>
                <![CDATA[[TestResult name=negativeLogInTest status=SUCCESS method=NegativeFirstNameTest.negativeLogInTest(java.util.Map)[pri:1, instance:org.thetestingmap.testingchallenges.challenge_1.NegativeFirstNameTest@24faea88] output={null}]]]>
              </value>
            </param>
          </params>
          <reporter-output>
          </reporter-output>
        </test-method> <!-- closeDriver -->
        <test-method status="PASS" signature="initDriver(java.lang.reflect.Method, java.lang.String, org.testng.ITestContext)[pri:0, instance:org.thetestingmap.testingchallenges.challenge_1.NegativeFirstNameTest@24faea88]" name="initDriver" is-config="true" duration-ms="5900" started-at="2020-06-13T16:21:22 MSK" finished-at="2020-06-13T16:21:27 MSK">
          <params>
            <param index="0">
              <value>
                <![CDATA[public void org.thetestingmap.testingchallenges.challenge_1.NegativeFirstNameTest.negativeLogInTest(java.util.Map)]]>
              </value>
            </param>
            <param index="1">
              <value>
                <![CDATA[chrome]]>
              </value>
            </param>
            <param index="2">
              <value>
                <![CDATA[org.testng.TestRunner@2f08c4b]]>
              </value>
            </param>
          </params>
          <reporter-output>
          </reporter-output>
        </test-method> <!-- initDriver -->
        <test-method status="PASS" signature="negativeLogInTest(java.util.Map)[pri:1, instance:org.thetestingmap.testingchallenges.challenge_1.NegativeFirstNameTest@24faea88]" name="negativeLogInTest" duration-ms="1272" started-at="2020-06-13T16:21:27 MSK" data-provider="csvReader" finished-at="2020-06-13T16:21:29 MSK">
          <params>
            <param index="0">
              <value>
                <![CDATA[{firstName='sql'}]]>
              </value>
            </param>
          </params>
          <reporter-output>
          </reporter-output>
        </test-method> <!-- negativeLogInTest -->
        <test-method status="PASS" signature="closeDriver(org.testng.ITestResult)[pri:0, instance:org.thetestingmap.testingchallenges.challenge_1.NegativeFirstNameTest@24faea88]" name="closeDriver" is-config="true" duration-ms="35" started-at="2020-06-13T16:21:29 MSK" finished-at="2020-06-13T16:21:29 MSK">
          <params>
            <param index="0">
              <value>
                <![CDATA[[TestResult name=negativeLogInTest status=SUCCESS method=NegativeFirstNameTest.negativeLogInTest(java.util.Map)[pri:1, instance:org.thetestingmap.testingchallenges.challenge_1.NegativeFirstNameTest@24faea88] output={null}]]]>
              </value>
            </param>
          </params>
          <reporter-output>
          </reporter-output>
        </test-method> <!-- closeDriver -->
        <test-method status="PASS" signature="initDriver(java.lang.reflect.Method, java.lang.String, org.testng.ITestContext)[pri:0, instance:org.thetestingmap.testingchallenges.challenge_1.NegativeFirstNameTest@24faea88]" name="initDriver" is-config="true" duration-ms="5800" started-at="2020-06-13T16:21:29 MSK" finished-at="2020-06-13T16:21:35 MSK">
          <params>
            <param index="0">
              <value>
                <![CDATA[public void org.thetestingmap.testingchallenges.challenge_1.NegativeFirstNameTest.negativeLogInTest(java.util.Map)]]>
              </value>
            </param>
            <param index="1">
              <value>
                <![CDATA[chrome]]>
              </value>
            </param>
            <param index="2">
              <value>
                <![CDATA[org.testng.TestRunner@2f08c4b]]>
              </value>
            </param>
          </params>
          <reporter-output>
          </reporter-output>
        </test-method> <!-- initDriver -->
        <test-method status="PASS" signature="negativeLogInTest(java.util.Map)[pri:1, instance:org.thetestingmap.testingchallenges.challenge_1.NegativeFirstNameTest@24faea88]" name="negativeLogInTest" duration-ms="1279" started-at="2020-06-13T16:21:35 MSK" data-provider="csvReader" finished-at="2020-06-13T16:21:36 MSK">
          <params>
            <param index="0">
              <value>
                <![CDATA[{firstName=dfjwGGe82H43g3uRiy53h}]]>
              </value>
            </param>
          </params>
          <reporter-output>
          </reporter-output>
        </test-method> <!-- negativeLogInTest -->
        <test-method status="PASS" signature="closeDriver(org.testng.ITestResult)[pri:0, instance:org.thetestingmap.testingchallenges.challenge_1.NegativeFirstNameTest@24faea88]" name="closeDriver" is-config="true" duration-ms="55" started-at="2020-06-13T16:21:36 MSK" finished-at="2020-06-13T16:21:36 MSK">
          <params>
            <param index="0">
              <value>
                <![CDATA[[TestResult name=negativeLogInTest status=SUCCESS method=NegativeFirstNameTest.negativeLogInTest(java.util.Map)[pri:1, instance:org.thetestingmap.testingchallenges.challenge_1.NegativeFirstNameTest@24faea88] output={null}]]]>
              </value>
            </param>
          </params>
          <reporter-output>
          </reporter-output>
        </test-method> <!-- closeDriver -->
        <test-method status="PASS" signature="initDriver(java.lang.reflect.Method, java.lang.String, org.testng.ITestContext)[pri:0, instance:org.thetestingmap.testingchallenges.challenge_1.NegativeFirstNameTest@24faea88]" name="initDriver" is-config="true" duration-ms="6631" started-at="2020-06-13T16:21:36 MSK" finished-at="2020-06-13T16:21:43 MSK">
          <params>
            <param index="0">
              <value>
                <![CDATA[public void org.thetestingmap.testingchallenges.challenge_1.NegativeFirstNameTest.negativeLogInTest(java.util.Map)]]>
              </value>
            </param>
            <param index="1">
              <value>
                <![CDATA[chrome]]>
              </value>
            </param>
            <param index="2">
              <value>
                <![CDATA[org.testng.TestRunner@2f08c4b]]>
              </value>
            </param>
          </params>
          <reporter-output>
          </reporter-output>
        </test-method> <!-- initDriver -->
        <test-method status="PASS" signature="negativeLogInTest(java.util.Map)[pri:1, instance:org.thetestingmap.testingchallenges.challenge_1.NegativeFirstNameTest@24faea88]" name="negativeLogInTest" duration-ms="920" started-at="2020-06-13T16:21:43 MSK" data-provider="csvReader" finished-at="2020-06-13T16:21:43 MSK">
          <params>
            <param index="0">
              <value>
                <![CDATA[{firstName=465454}]]>
              </value>
            </param>
          </params>
          <reporter-output>
          </reporter-output>
        </test-method> <!-- negativeLogInTest -->
        <test-method status="PASS" signature="closeDriver(org.testng.ITestResult)[pri:0, instance:org.thetestingmap.testingchallenges.challenge_1.NegativeFirstNameTest@24faea88]" name="closeDriver" is-config="true" duration-ms="30" started-at="2020-06-13T16:21:43 MSK" finished-at="2020-06-13T16:21:43 MSK">
          <params>
            <param index="0">
              <value>
                <![CDATA[[TestResult name=negativeLogInTest status=SUCCESS method=NegativeFirstNameTest.negativeLogInTest(java.util.Map)[pri:1, instance:org.thetestingmap.testingchallenges.challenge_1.NegativeFirstNameTest@24faea88] output={null}]]]>
              </value>
            </param>
          </params>
          <reporter-output>
          </reporter-output>
        </test-method> <!-- closeDriver -->
        <test-method status="PASS" signature="initDriver(java.lang.reflect.Method, java.lang.String, org.testng.ITestContext)[pri:0, instance:org.thetestingmap.testingchallenges.challenge_1.NegativeFirstNameTest@24faea88]" name="initDriver" is-config="true" duration-ms="5758" started-at="2020-06-13T16:21:43 MSK" finished-at="2020-06-13T16:21:49 MSK">
          <params>
            <param index="0">
              <value>
                <![CDATA[public void org.thetestingmap.testingchallenges.challenge_1.NegativeFirstNameTest.negativeLogInTest(java.util.Map)]]>
              </value>
            </param>
            <param index="1">
              <value>
                <![CDATA[chrome]]>
              </value>
            </param>
            <param index="2">
              <value>
                <![CDATA[org.testng.TestRunner@2f08c4b]]>
              </value>
            </param>
          </params>
          <reporter-output>
          </reporter-output>
        </test-method> <!-- initDriver -->
        <test-method status="PASS" signature="negativeLogInTest(java.util.Map)[pri:1, instance:org.thetestingmap.testingchallenges.challenge_1.NegativeFirstNameTest@24faea88]" name="negativeLogInTest" duration-ms="1049" started-at="2020-06-13T16:21:49 MSK" data-provider="csvReader" finished-at="2020-06-13T16:21:50 MSK">
          <params>
            <param index="0">
              <value>
                <![CDATA[{firstName=detailsoverviewnow.css}]]>
              </value>
            </param>
          </params>
          <reporter-output>
          </reporter-output>
        </test-method> <!-- negativeLogInTest -->
        <test-method status="PASS" signature="closeDriver(org.testng.ITestResult)[pri:0, instance:org.thetestingmap.testingchallenges.challenge_1.NegativeFirstNameTest@24faea88]" name="closeDriver" is-config="true" duration-ms="31" started-at="2020-06-13T16:21:50 MSK" finished-at="2020-06-13T16:21:50 MSK">
          <params>
            <param index="0">
              <value>
                <![CDATA[[TestResult name=negativeLogInTest status=SUCCESS method=NegativeFirstNameTest.negativeLogInTest(java.util.Map)[pri:1, instance:org.thetestingmap.testingchallenges.challenge_1.NegativeFirstNameTest@24faea88] output={null}]]]>
              </value>
            </param>
          </params>
          <reporter-output>
          </reporter-output>
        </test-method> <!-- closeDriver -->
        <test-method status="PASS" signature="initDriver(java.lang.reflect.Method, java.lang.String, org.testng.ITestContext)[pri:0, instance:org.thetestingmap.testingchallenges.challenge_1.NegativeFirstNameTest@24faea88]" name="initDriver" is-config="true" duration-ms="5182" started-at="2020-06-13T16:21:50 MSK" finished-at="2020-06-13T16:21:56 MSK">
          <params>
            <param index="0">
              <value>
                <![CDATA[public void org.thetestingmap.testingchallenges.challenge_1.NegativeFirstNameTest.negativeLogInTest(java.util.Map)]]>
              </value>
            </param>
            <param index="1">
              <value>
                <![CDATA[chrome]]>
              </value>
            </param>
            <param index="2">
              <value>
                <![CDATA[org.testng.TestRunner@2f08c4b]]>
              </value>
            </param>
          </params>
          <reporter-output>
          </reporter-output>
        </test-method> <!-- initDriver -->
        <test-method status="PASS" signature="negativeLogInTest(java.util.Map)[pri:1, instance:org.thetestingmap.testingchallenges.challenge_1.NegativeFirstNameTest@24faea88]" name="negativeLogInTest" duration-ms="957" started-at="2020-06-13T16:21:56 MSK" data-provider="csvReader" finished-at="2020-06-13T16:21:56 MSK">
          <params>
            <param index="0">
              <value>
                <![CDATA[{firstName=oi32jnxd42390slk345}]]>
              </value>
            </param>
          </params>
          <reporter-output>
          </reporter-output>
        </test-method> <!-- negativeLogInTest -->
        <test-method status="PASS" signature="closeDriver(org.testng.ITestResult)[pri:0, instance:org.thetestingmap.testingchallenges.challenge_1.NegativeFirstNameTest@24faea88]" name="closeDriver" is-config="true" duration-ms="33" started-at="2020-06-13T16:21:56 MSK" finished-at="2020-06-13T16:21:56 MSK">
          <params>
            <param index="0">
              <value>
                <![CDATA[[TestResult name=negativeLogInTest status=SUCCESS method=NegativeFirstNameTest.negativeLogInTest(java.util.Map)[pri:1, instance:org.thetestingmap.testingchallenges.challenge_1.NegativeFirstNameTest@24faea88] output={null}]]]>
              </value>
            </param>
          </params>
          <reporter-output>
          </reporter-output>
        </test-method> <!-- closeDriver -->
      </class> <!-- org.thetestingmap.testingchallenges.challenge_1.NegativeFirstNameTest -->
    </test> <!-- Login-chrome -->
  </suite> <!-- LoginSuite -->
</testng-results>
