<?xml version="1.0" encoding="UTF-8"?>
<testsuite xmlns:xsi="http://www.w3.org/2001/XMLSchema-instance" xsi:noNamespaceSchemaLocation="https://maven.apache.org/surefire/maven-surefire-plugin/xsd/surefire-test-report.xsd" name="TestSuite" time="179.253" tests="46" errors="0" skipped="0" failures="2">
  <properties>
[...]
</properties>
  <testcase name="checkingFiveIdNumbersTest" classname="org.thetestingmap.testingchallenges.challenge_4.GenerateTestingDataTest" time="3.561"/>
  <testcase name="checkingFiveIdNumbersTest" classname="org.thetestingmap.testingchallenges.challenge_4.GenerateTestingDataTest" time="5.147"/>
  <testcase name="checkingHiddenPageTest" classname="org.thetestingmap.testingchallenges.challenge_3.OpenHiddenChallengeTest" time="0.61"/>
  <testcase name="checkingHiddenPageTest" classname="org.thetestingmap.testingchallenges.challenge_3.OpenHiddenChallengeTest" time="0.507"/>
  <testcase name="gettingAdminRootsTest" classname="org.thetestingmap.testingchallenges.challenge_1.NegativeFirstNameTest" time="3.442">
    <failure message="Expected condition failed: waiting for visibility of element located by By.xpath: //input[@name=&apos;user_right_as_admin&apos;] (tried for 5 second(s) with 500 milliseconds interval)&#10;Build info: version: &apos;3.141.59&apos;, revision: &apos;e82be7d358&apos;, time: &apos;2018-11-14T08:17:03&apos;&#10;System info: host: &apos;DESKTOP-8H0MF42&apos;, ip: &apos;192.168.100.42&apos;, os.name: &apos;Windows 10&apos;, os.arch: &apos;amd64&apos;, os.version: &apos;10.0&apos;, java.version: &apos;1.8.0_221&apos;&#10;Driver info: org.openqa.selenium.remote.RemoteWebDriver&#10;Capabilities {acceptInsecureCerts: false, browserName: firefox, browserVersion: 76.0.1, javascriptEnabled: true, moz:accessibilityChecks: false, moz:buildID: 20200507114007, moz:geckodriverVersion: 0.26.0, moz:headless: false, moz:processID: 37368, moz:profile: C:\Users\Aleksandr\AppData\..., moz:shutdownTimeout: 60000, moz:useNonSpecCompliantPointerOrigin: false, moz:webdriverClick: true, pageLoadStrategy: normal, platform: WINDOWS, platformName: WINDOWS, platformVersion: 10.0, rotatable: false, setWindowRect: true, strictFileInteractability: false, timeouts: {implicit: 0, pageLoad: 300000, script: 30000}, unhandledPromptBehavior: dismiss and notify, webdriver.remote.sessionid: 9bdf2522-ada1-43f4-bd14-83d...}&#10;Session ID: 9bdf2522-ada1-43f4-bd14-83d86e13e4a1" type="org.openqa.selenium.TimeoutException">org.openqa.selenium.TimeoutException: 
Expected condition failed: waiting for visibility of element located by By.xpath: //input[@name='user_right_as_admin'] (tried for 5 second(s) with 500 milliseconds interval)
Build info: version: '3.141.59', revision: 'e82be7d358', time: '2018-11-14T08:17:03'
System info: host: 'DESKTOP-8H0MF42', ip: '192.168.100.42', os.name: 'Windows 10', os.arch: 'amd64', os.version: '10.0', java.version: '1.8.0_221'
Driver info: org.openqa.selenium.remote.RemoteWebDriver
Capabilities {acceptInsecureCerts: false, browserName: firefox, browserVersion: 76.0.1, javascriptEnabled: true, moz:accessibilityChecks: false, moz:buildID: 20200507114007, moz:geckodriverVersion: 0.26.0, moz:headless: false, moz:processID: 37368, moz:profile: C:\Users\Aleksandr\AppData\..., moz:shutdownTimeout: 60000, moz:useNonSpecCompliantPointerOrigin: false, moz:webdriverClick: true, pageLoadStrategy: normal, platform: WINDOWS, platformName: WINDOWS, platformVersion: 10.0, rotatable: false, setWindowRect: true, strictFileInteractability: false, timeouts: {implicit: 0, pageLoad: 300000, script: 30000}, unhandledPromptBehavior: dismiss and notify, webdriver.remote.sessionid: 9bdf2522-ada1-43f4-bd14-83d...}
Session ID: 9bdf2522-ada1-43f4-bd14-83d86e13e4a1
	at org.thetestingmap.testingchallenges.challenge_1.NegativeFirstNameTest.gettingAdminRootsTest(NegativeFirstNameTest.java:39)
</failure>
    <system-out><![CDATA[[14/06/2020 18:36:12] :: [INFO] :: testEngine.TestListener : onTestSuccess :: [TEST checkingHiddenPageTest passed]
[14/06/2020 18:36:12] :: [INFO] :: testEngine.TestEngine : closeDriver :: Driver has been closed
[14/06/2020 18:36:14] :: [INFO] :: testEngine.TestListener : onTestStart :: [Starting gettingAdminRootsTest]
[14/06/2020 18:36:15] :: [INFO] :: pages.Challenge1Page : changeAttributeValueByClassName_aroundBody4 :: Change Attribute Type to string
[14/06/2020 18:36:15] :: [INFO] :: pages.BasePage : find_aroundBody2 :: Find element by locator By.xpath: //input[@name='user_right_as_admin']
[14/06/2020 18:36:17] :: [INFO] :: testEngine.TestListener : onTestStart :: [Starting gettingAdminRootsTest]
[14/06/2020 18:36:17] :: [INFO] :: testEngine.TestListener : onTestStart :: [Starting gettingAdminRootsTest]
[14/06/2020 18:36:17] :: [INFO] :: pages.Challenge1Page : changeAttributeValueByClassName_aroundBody4 :: Change Attribute Type to string
[14/06/2020 18:36:17] :: [INFO] :: pages.BasePage : find_aroundBody2 :: Find element by locator By.xpath: //input[@name='user_right_as_admin']
[14/06/2020 18:36:20] :: [INFO] :: testEngine.TestListener : onTestFailure :: [TEST gettingAdminRootsTest FAILED]
[14/06/2020 18:36:20] :: [INFO] :: testEngine.TestListener : onTestFailure :: [Screenshot has been put to the test-output directory]
Screenshot captured for test case:gettingAdminRootsTest
]]></system-out>
    <system-err><![CDATA[Jun 14, 2020 6:36:14 PM org.openqa.selenium.remote.ProtocolHandshake createSession
INFO: Detected dialect: W3C
Jun 14, 2020 6:36:15 PM org.openqa.selenium.remote.ProtocolHandshake createSession
INFO: Detected dialect: W3C
]]></system-err>
  </testcase>
  <testcase name="gettingAdminRootsTest" classname="org.thetestingmap.testingchallenges.challenge_1.NegativeFirstNameTest" time="1.734">
    <failure message="Expected condition failed: waiting for visibility of element located by By.xpath: //input[@name=&apos;user_right_as_admin&apos;] (tried for 5 second(s) with 500 milliseconds interval)&#10;Build info: version: &apos;3.141.59&apos;, revision: &apos;e82be7d358&apos;, time: &apos;2018-11-14T08:17:03&apos;&#10;System info: host: &apos;DESKTOP-8H0MF42&apos;, ip: &apos;192.168.100.42&apos;, os.name: &apos;Windows 10&apos;, os.arch: &apos;amd64&apos;, os.version: &apos;10.0&apos;, java.version: &apos;1.8.0_221&apos;&#10;Driver info: org.openqa.selenium.remote.RemoteWebDriver&#10;Capabilities {acceptInsecureCerts: false, browserName: chrome, browserVersion: 83.0.4103.97, chrome: {chromedriverVersion: 83.0.4103.39 (ccbf011cb2d2b..., userDataDir: C:\Users\ALEKSA~1\AppData\L...}, goog:chromeOptions: {debuggerAddress: localhost:51851}, javascriptEnabled: true, networkConnectionEnabled: false, pageLoadStrategy: normal, platform: WINDOWS, platformName: WINDOWS, proxy: Proxy(), setWindowRect: true, strictFileInteractability: false, timeouts: {implicit: 0, pageLoad: 300000, script: 30000}, unhandledPromptBehavior: dismiss and notify, webauthn:virtualAuthenticators: true, webdriver.remote.sessionid: 69b3b8036a4281863861cd02906...}&#10;Session ID: 69b3b8036a4281863861cd029061631a" type="org.openqa.selenium.TimeoutException">org.openqa.selenium.TimeoutException: 
Expected condition failed: waiting for visibility of element located by By.xpath: //input[@name='user_right_as_admin'] (tried for 5 second(s) with 500 milliseconds interval)
Build info: version: '3.141.59', revision: 'e82be7d358', time: '2018-11-14T08:17:03'
System info: host: 'DESKTOP-8H0MF42', ip: '192.168.100.42', os.name: 'Windows 10', os.arch: 'amd64', os.version: '10.0', java.version: '1.8.0_221'
Driver info: org.openqa.selenium.remote.RemoteWebDriver
Capabilities {acceptInsecureCerts: false, browserName: chrome, browserVersion: 83.0.4103.97, chrome: {chromedriverVersion: 83.0.4103.39 (ccbf011cb2d2b..., userDataDir: C:\Users\ALEKSA~1\AppData\L...}, goog:chromeOptions: {debuggerAddress: localhost:51851}, javascriptEnabled: true, networkConnectionEnabled: false, pageLoadStrategy: normal, platform: WINDOWS, platformName: WINDOWS, proxy: Proxy(), setWindowRect: true, strictFileInteractability: false, timeouts: {implicit: 0, pageLoad: 300000, script: 30000}, unhandledPromptBehavior: dismiss and notify, webauthn:virtualAuthenticators: true, webdriver.remote.sessionid: 69b3b8036a4281863861cd02906...}
Session ID: 69b3b8036a4281863861cd029061631a
	at org.thetestingmap.testingchallenges.challenge_1.NegativeFirstNameTest.gettingAdminRootsTest(NegativeFirstNameTest.java:39)
</failure>
    <system-out><![CDATA[[14/06/2020 18:36:27] :: [INFO] :: testEngine.TestEngine : closeDriver :: Driver has been closed
]]></system-out>
  </testcase>
  <testcase name="notNumericLoginTest" classname="org.thetestingmap.testingchallenges.challenge_2.TypeNotNumericValueTest" time="1.15"/>
  <testcase name="notNumericLoginTest" classname="org.thetestingmap.testingchallenges.challenge_2.TypeNotNumericValueTest" time="1.194"/>
  <testcase name="negativeLogInTest" classname="org.thetestingmap.testingchallenges.challenge_1.NegativeFirstNameTest" time="1.037"/>
  <testcase name="negativeLogInTest" classname="org.thetestingmap.testingchallenges.challenge_1.NegativeFirstNameTest" time="1.114"/>
  <testcase name="negativeLogInTest" classname="org.thetestingmap.testingchallenges.challenge_1.NegativeFirstNameTest" time="1.157"/>
  <testcase name="negativeLogInTest" classname="org.thetestingmap.testingchallenges.challenge_1.NegativeFirstNameTest" time="0.503"/>
  <testcase name="negativeLogInTest" classname="org.thetestingmap.testingchallenges.challenge_1.NegativeFirstNameTest" time="1.108"/>
  <testcase name="negativeLogInTest" classname="org.thetestingmap.testingchallenges.challenge_1.NegativeFirstNameTest" time="1.066"/>
  <testcase name="negativeLogInTest" classname="org.thetestingmap.testingchallenges.challenge_1.NegativeFirstNameTest" time="1.248"/>
  <testcase name="negativeLogInTest" classname="org.thetestingmap.testingchallenges.challenge_1.NegativeFirstNameTest" time="0.656"/>
  <testcase name="negativeLogInTest" classname="org.thetestingmap.testingchallenges.challenge_1.NegativeFirstNameTest" time="1.283"/>
  <testcase name="negativeLogInTest" classname="org.thetestingmap.testingchallenges.challenge_1.NegativeFirstNameTest" time="1.394"/>
  <testcase name="negativeLogInTest" classname="org.thetestingmap.testingchallenges.challenge_1.NegativeFirstNameTest" time="1.651"/>
  <testcase name="negativeLogInTest" classname="org.thetestingmap.testingchallenges.challenge_1.NegativeFirstNameTest" time="1.142"/>
  <testcase name="negativeLogInTest" classname="org.thetestingmap.testingchallenges.challenge_1.NegativeFirstNameTest" time="1.301"/>
  <testcase name="negativeLogInTest" classname="org.thetestingmap.testingchallenges.challenge_1.NegativeFirstNameTest" time="0.755"/>
  <testcase name="negativeLogInTest" classname="org.thetestingmap.testingchallenges.challenge_1.NegativeFirstNameTest" time="1.096"/>
  <testcase name="negativeLogInTest" classname="org.thetestingmap.testingchallenges.challenge_1.NegativeFirstNameTest" time="1.016"/>
  <testcase name="negativeLogInTest" classname="org.thetestingmap.testingchallenges.challenge_1.NegativeFirstNameTest" time="1.073"/>
  <testcase name="negativeLogInTest" classname="org.thetestingmap.testingchallenges.challenge_1.NegativeFirstNameTest" time="1.014"/>
  <testcase name="negativeLogInTest" classname="org.thetestingmap.testingchallenges.challenge_1.NegativeFirstNameTest" time="1.241"/>
  <testcase name="negativeLogInTest" classname="org.thetestingmap.testingchallenges.challenge_1.NegativeFirstNameTest" time="1.03"/>
  <testcase name="negativeLogInTest" classname="org.thetestingmap.testingchallenges.challenge_1.NegativeFirstNameTest" time="1.269"/>
  <testcase name="negativeLogInTest" classname="org.thetestingmap.testingchallenges.challenge_1.NegativeFirstNameTest" time="1.176"/>
  <testcase name="negativeLogInTest" classname="org.thetestingmap.testingchallenges.challenge_1.NegativeFirstNameTest" time="1.04"/>
  <testcase name="negativeLogInTest" classname="org.thetestingmap.testingchallenges.challenge_1.NegativeFirstNameTest" time="0.987"/>
  <testcase name="negativeLogInTest" classname="org.thetestingmap.testingchallenges.challenge_1.NegativeFirstNameTest" time="1.104"/>
  <testcase name="negativeLogInTest" classname="org.thetestingmap.testingchallenges.challenge_1.NegativeFirstNameTest" time="1.045"/>
  <testcase name="negativeLogInTest" classname="org.thetestingmap.testingchallenges.challenge_1.NegativeFirstNameTest" time="1.146"/>
  <testcase name="negativeLogInTest" classname="org.thetestingmap.testingchallenges.challenge_1.NegativeFirstNameTest" time="1.033"/>
  <testcase name="negativeLogInTest" classname="org.thetestingmap.testingchallenges.challenge_1.NegativeFirstNameTest" time="1.195"/>
  <testcase name="negativeLogInTest" classname="org.thetestingmap.testingchallenges.challenge_1.NegativeFirstNameTest" time="1.072"/>
  <testcase name="negativeLogInTest" classname="org.thetestingmap.testingchallenges.challenge_1.NegativeFirstNameTest" time="1.167"/>
  <testcase name="negativeLogInTest" classname="org.thetestingmap.testingchallenges.challenge_1.NegativeFirstNameTest" time="1.126"/>
  <testcase name="negativeLogInTest" classname="org.thetestingmap.testingchallenges.challenge_1.NegativeFirstNameTest" time="0.17"/>
  <testcase name="negativeLogInTest" classname="org.thetestingmap.testingchallenges.challenge_1.NegativeFirstNameTest" time="1.329"/>
  <testcase name="negativeLogInTest" classname="org.thetestingmap.testingchallenges.challenge_1.NegativeFirstNameTest" time="1.008"/>
  <testcase name="negativeLogInTest" classname="org.thetestingmap.testingchallenges.challenge_1.NegativeFirstNameTest" time="1.046"/>
  <testcase name="negativeLogInTest" classname="org.thetestingmap.testingchallenges.challenge_1.NegativeFirstNameTest" time="1.135"/>
  <testcase name="negativeLogInTest" classname="org.thetestingmap.testingchallenges.challenge_1.NegativeFirstNameTest" time="0.991"/>
</testsuite>