<?xml version="1.0" encoding="UTF-8"?>
<testsuite xmlns:xsi="http://www.w3.org/2001/XMLSchema-instance" xsi:noNamespaceSchemaLocation="https://maven.apache.org/surefire/maven-surefire-plugin/xsd/surefire-test-report.xsd" name="TestSuite" time="131.596" tests="36" errors="0" skipped="0" failures="0">
  <properties>
[...]
</properties>
  <testcase name="negativeLogInTest" classname="org.thetestingmap.testingchallenges.challenge_1.NegativeFirstNameTest" time="0.331"/>
  <testcase name="negativeLogInTest" classname="org.thetestingmap.testingchallenges.challenge_1.NegativeFirstNameTest" time="1.094"/>
  <testcase name="negativeLogInTest" classname="org.thetestingmap.testingchallenges.challenge_1.NegativeFirstNameTest" time="1.008"/>
  <testcase name="negativeLogInTest" classname="org.thetestingmap.testingchallenges.challenge_1.NegativeFirstNameTest" time="0.987"/>
  <testcase name="negativeLogInTest" classname="org.thetestingmap.testingchallenges.challenge_1.NegativeFirstNameTest" time="0.915"/>
  <testcase name="negativeLogInTest" classname="org.thetestingmap.testingchallenges.challenge_1.NegativeFirstNameTest" time="0.952"/>
  <testcase name="negativeLogInTest" classname="org.thetestingmap.testingchallenges.challenge_1.NegativeFirstNameTest" time="0.894"/>
  <testcase name="negativeLogInTest" classname="org.thetestingmap.testingchallenges.challenge_1.NegativeFirstNameTest" time="0.933"/>
  <testcase name="negativeLogInTest" classname="org.thetestingmap.testingchallenges.challenge_1.NegativeFirstNameTest" time="0.92"/>
  <testcase name="negativeLogInTest" classname="org.thetestingmap.testingchallenges.challenge_1.NegativeFirstNameTest" time="1.036"/>
  <testcase name="negativeLogInTest" classname="org.thetestingmap.testingchallenges.challenge_1.NegativeFirstNameTest" time="0.89"/>
  <testcase name="negativeLogInTest" classname="org.thetestingmap.testingchallenges.challenge_1.NegativeFirstNameTest" time="1.08"/>
  <testcase name="negativeLogInTest" classname="org.thetestingmap.testingchallenges.challenge_1.NegativeFirstNameTest" time="1.01"/>
  <testcase name="negativeLogInTest" classname="org.thetestingmap.testingchallenges.challenge_1.NegativeFirstNameTest" time="1.083"/>
  <testcase name="negativeLogInTest" classname="org.thetestingmap.testingchallenges.challenge_1.NegativeFirstNameTest" time="0.892"/>
  <testcase name="negativeLogInTest" classname="org.thetestingmap.testingchallenges.challenge_1.NegativeFirstNameTest" time="0.782"/>
  <testcase name="negativeLogInTest" classname="org.thetestingmap.testingchallenges.challenge_1.NegativeFirstNameTest" time="1.03"/>
  <testcase name="negativeLogInTest" classname="org.thetestingmap.testingchallenges.challenge_1.NegativeFirstNameTest" time="0.983"/>
  <testcase name="negativeLogInTest" classname="org.thetestingmap.testingchallenges.challenge_1.NegativeFirstNameTest" time="1.053"/>
  <testcase name="negativeLogInTest" classname="org.thetestingmap.testingchallenges.challenge_1.NegativeFirstNameTest" time="1.079"/>
  <testcase name="negativeLogInTest" classname="org.thetestingmap.testingchallenges.challenge_1.NegativeFirstNameTest" time="1.138"/>
  <testcase name="negativeLogInTest" classname="org.thetestingmap.testingchallenges.challenge_1.NegativeFirstNameTest" time="1.032"/>
  <testcase name="negativeLogInTest" classname="org.thetestingmap.testingchallenges.challenge_1.NegativeFirstNameTest" time="1.045"/>
  <testcase name="negativeLogInTest" classname="org.thetestingmap.testingchallenges.challenge_1.NegativeFirstNameTest" time="1.055"/>
  <testcase name="negativeLogInTest" classname="org.thetestingmap.testingchallenges.challenge_1.NegativeFirstNameTest" time="1.228"/>
  <testcase name="negativeLogInTest" classname="org.thetestingmap.testingchallenges.challenge_1.NegativeFirstNameTest" time="1.096"/>
  <testcase name="negativeLogInTest" classname="org.thetestingmap.testingchallenges.challenge_1.NegativeFirstNameTest" time="1.145"/>
  <testcase name="negativeLogInTest" classname="org.thetestingmap.testingchallenges.challenge_1.NegativeFirstNameTest" time="0.929"/>
  <testcase name="negativeLogInTest" classname="org.thetestingmap.testingchallenges.challenge_1.NegativeFirstNameTest" time="1.222"/>
  <testcase name="negativeLogInTest" classname="org.thetestingmap.testingchallenges.challenge_1.NegativeFirstNameTest" time="1.234"/>
  <testcase name="negativeLogInTest" classname="org.thetestingmap.testingchallenges.challenge_1.NegativeFirstNameTest" time="1.099"/>
  <testcase name="negativeLogInTest" classname="org.thetestingmap.testingchallenges.challenge_1.NegativeFirstNameTest" time="1.117"/>
  <testcase name="negativeLogInTest" classname="org.thetestingmap.testingchallenges.challenge_1.NegativeFirstNameTest" time="0.987"/>
  <testcase name="negativeLogInTest" classname="org.thetestingmap.testingchallenges.challenge_1.NegativeFirstNameTest" time="0.92"/>
  <testcase name="negativeLogInTest" classname="org.thetestingmap.testingchallenges.challenge_1.NegativeFirstNameTest" time="1.049"/>
  <testcase name="negativeLogInTest" classname="org.thetestingmap.testingchallenges.challenge_1.NegativeFirstNameTest" time="0.956"/>
</testsuite>