<?xml version="1.0" encoding="UTF-8"?>
<!-- Generated by org.testng.reporters.JUnitXMLReporter -->
<testsuite hostname="DESKTOP-8H0MF42" ignored="0" name="Login-chrome" tests="4" failures="0" timestamp="2020-06-14T18:38:49 MSK" time="177.033" errors="0">
  <testcase name="negativeLogInTest" time="1.008" classname="org.thetestingmap.testingchallenges.challenge_1.NegativeFirstNameTest"/>
  <testcase name="negativeLogInTest" time="1.046" classname="org.thetestingmap.testingchallenges.challenge_1.NegativeFirstNameTest"/>
  <testcase name="negativeLogInTest" time="1.134" classname="org.thetestingmap.testingchallenges.challenge_1.NegativeFirstNameTest"/>
  <testcase name="negativeLogInTest" time="0.99" classname="org.thetestingmap.testingchallenges.challenge_1.NegativeFirstNameTest"/>
</testsuite> <!-- Login-chrome -->
