<?xml version="1.0" encoding="UTF-8"?>
<!-- Generated by org.testng.reporters.JUnitXMLReporter -->
<testsuite hostname="DESKTOP-8H0MF42" ignored="0" name="Login-firefox" tests="34" failures="0" timestamp="2020-06-13T16:15:43 MSK" time="116.35" errors="0">
  <testcase name="negativeLogInTest" time="1.674" classname="org.thetestingmap.testingchallenges.challenge_1.NegativeFirstNameTest"/>
  <testcase name="negativeLogInTest" time="1.225" classname="org.thetestingmap.testingchallenges.challenge_1.NegativeFirstNameTest"/>
  <testcase name="negativeLogInTest" time="0.985" classname="org.thetestingmap.testingchallenges.challenge_1.NegativeFirstNameTest"/>
  <testcase name="negativeLogInTest" time="1.05" classname="org.thetestingmap.testingchallenges.challenge_1.NegativeFirstNameTest"/>
  <testcase name="negativeLogInTest" time="0.963" classname="org.thetestingmap.testingchallenges.challenge_1.NegativeFirstNameTest"/>
  <testcase name="negativeLogInTest" time="1.012" classname="org.thetestingmap.testingchallenges.challenge_1.NegativeFirstNameTest"/>
  <testcase name="negativeLogInTest" time="1.019" classname="org.thetestingmap.testingchallenges.challenge_1.NegativeFirstNameTest"/>
  <testcase name="negativeLogInTest" time="1.08" classname="org.thetestingmap.testingchallenges.challenge_1.NegativeFirstNameTest"/>
  <testcase name="negativeLogInTest" time="1.074" classname="org.thetestingmap.testingchallenges.challenge_1.NegativeFirstNameTest"/>
  <testcase name="negativeLogInTest" time="1.204" classname="org.thetestingmap.testingchallenges.challenge_1.NegativeFirstNameTest"/>
  <testcase name="negativeLogInTest" time="1.128" classname="org.thetestingmap.testingchallenges.challenge_1.NegativeFirstNameTest"/>
  <testcase name="negativeLogInTest" time="1.126" classname="org.thetestingmap.testingchallenges.challenge_1.NegativeFirstNameTest"/>
  <testcase name="negativeLogInTest" time="0.906" classname="org.thetestingmap.testingchallenges.challenge_1.NegativeFirstNameTest"/>
  <testcase name="negativeLogInTest" time="1.201" classname="org.thetestingmap.testingchallenges.challenge_1.NegativeFirstNameTest"/>
  <testcase name="negativeLogInTest" time="1.292" classname="org.thetestingmap.testingchallenges.challenge_1.NegativeFirstNameTest"/>
  <testcase name="negativeLogInTest" time="0.99" classname="org.thetestingmap.testingchallenges.challenge_1.NegativeFirstNameTest"/>
  <testcase name="negativeLogInTest" time="1.192" classname="org.thetestingmap.testingchallenges.challenge_1.NegativeFirstNameTest"/>
  <testcase name="negativeLogInTest" time="1.028" classname="org.thetestingmap.testingchallenges.challenge_1.NegativeFirstNameTest"/>
  <testcase name="negativeLogInTest" time="1.077" classname="org.thetestingmap.testingchallenges.challenge_1.NegativeFirstNameTest"/>
  <testcase name="negativeLogInTest" time="1.012" classname="org.thetestingmap.testingchallenges.challenge_1.NegativeFirstNameTest"/>
  <testcase name="negativeLogInTest" time="1.071" classname="org.thetestingmap.testingchallenges.challenge_1.NegativeFirstNameTest"/>
  <testcase name="negativeLogInTest" time="0.92" classname="org.thetestingmap.testingchallenges.challenge_1.NegativeFirstNameTest"/>
  <testcase name="negativeLogInTest" time="0.991" classname="org.thetestingmap.testingchallenges.challenge_1.NegativeFirstNameTest"/>
  <testcase name="negativeLogInTest" time="0.868" classname="org.thetestingmap.testingchallenges.challenge_1.NegativeFirstNameTest"/>
  <testcase name="negativeLogInTest" time="0.99" classname="org.thetestingmap.testingchallenges.challenge_1.NegativeFirstNameTest"/>
  <testcase name="negativeLogInTest" time="0.901" classname="org.thetestingmap.testingchallenges.challenge_1.NegativeFirstNameTest"/>
  <testcase name="negativeLogInTest" time="1.147" classname="org.thetestingmap.testingchallenges.challenge_1.NegativeFirstNameTest"/>
  <testcase name="negativeLogInTest" time="1.142" classname="org.thetestingmap.testingchallenges.challenge_1.NegativeFirstNameTest"/>
  <testcase name="negativeLogInTest" time="1.337" classname="org.thetestingmap.testingchallenges.challenge_1.NegativeFirstNameTest"/>
  <testcase name="negativeLogInTest" time="1.43" classname="org.thetestingmap.testingchallenges.challenge_1.NegativeFirstNameTest"/>
  <testcase name="negativeLogInTest" time="1.204" classname="org.thetestingmap.testingchallenges.challenge_1.NegativeFirstNameTest"/>
  <testcase name="negativeLogInTest" time="0.993" classname="org.thetestingmap.testingchallenges.challenge_1.NegativeFirstNameTest"/>
  <testcase name="negativeLogInTest" time="1.345" classname="org.thetestingmap.testingchallenges.challenge_1.NegativeFirstNameTest"/>
  <testcase name="negativeLogInTest" time="1.219" classname="org.thetestingmap.testingchallenges.challenge_1.NegativeFirstNameTest"/>
</testsuite> <!-- Login-firefox -->
