<?xml version="1.0" encoding="UTF-8"?>
<!-- Generated by org.testng.reporters.JUnitXMLReporter -->
<testsuite hostname="DESKTOP-8H0MF42" ignored="0" name="Login-chrome" tests="44" failures="2" timestamp="2020-06-13T23:34:35 MSK" time="160.151" errors="0">
  <testcase name="checkingHiddenPageTest" time="0.822" classname="org.thetestingmap.testingchallenges.challenge_3.OpenHiddenChallengeTest"/>
  <testcase name="checkingHiddenPageTest" time="0.497" classname="org.thetestingmap.testingchallenges.challenge_3.OpenHiddenChallengeTest"/>
  <testcase name="gettingAdminRootsTest" time="5.739" classname="org.thetestingmap.testingchallenges.challenge_1.NegativeFirstNameTest">
    <failure type="org.openqa.selenium.TimeoutException" message="Expected condition failed: waiting for visibility of element located by By.xpath: //input[@name=&amp;apos;user_right_as_admin&amp;apos;] (tried for 5 second(s) with 500 milliseconds interval)
Build info: version: &amp;apos;3.141.59&amp;apos;, revision: &amp;apos;e82be7d358&amp;apos;, time: &amp;apos;2018-11-14T08:17:03&amp;apos;
System info: host: &amp;apos;DESKTOP-8H0MF42&amp;apos;, ip: &amp;apos;192.168.100.42&amp;apos;, os.name: &amp;apos;Windows 10&amp;apos;, os.arch: &amp;apos;amd64&amp;apos;, os.version: &amp;apos;10.0&amp;apos;, java.version: &amp;apos;1.8.0_221&amp;apos;
Driver info: org.openqa.selenium.remote.RemoteWebDriver
Capabilities {acceptInsecureCerts: false, browserName: firefox, browserVersion: 76.0.1, javascriptEnabled: true, moz:accessibilityChecks: false, moz:buildID: 20200507114007, moz:geckodriverVersion: 0.26.0, moz:headless: false, moz:processID: 26144, moz:profile: C:\Users\Aleksandr\AppData\..., moz:shutdownTimeout: 60000, moz:useNonSpecCompliantPointerOrigin: false, moz:webdriverClick: true, pageLoadStrategy: normal, platform: WINDOWS, platformName: WINDOWS, platformVersion: 10.0, rotatable: false, setWindowRect: true, strictFileInteractability: false, timeouts: {implicit: 0, pageLoad: 300000, script: 30000}, unhandledPromptBehavior: dismiss and notify, webdriver.remote.sessionid: 73edd1f9-b1bb-4de5-959e-e17...}
Session ID: 73edd1f9-b1bb-4de5-959e-e17ad0cec0c7">
      <![CDATA[org.openqa.selenium.TimeoutException: Expected condition failed: waiting for visibility of element located by By.xpath: //input[@name='user_right_as_admin'] (tried for 5 second(s) with 500 milliseconds interval)
Build info: version: '3.141.59', revision: 'e82be7d358', time: '2018-11-14T08:17:03'
System info: host: 'DESKTOP-8H0MF42', ip: '192.168.100.42', os.name: 'Windows 10', os.arch: 'amd64', os.version: '10.0', java.version: '1.8.0_221'
Driver info: org.openqa.selenium.remote.RemoteWebDriver
Capabilities {acceptInsecureCerts: false, browserName: firefox, browserVersion: 76.0.1, javascriptEnabled: true, moz:accessibilityChecks: false, moz:buildID: 20200507114007, moz:geckodriverVersion: 0.26.0, moz:headless: false, moz:processID: 26144, moz:profile: C:\Users\Aleksandr\AppData\..., moz:shutdownTimeout: 60000, moz:useNonSpecCompliantPointerOrigin: false, moz:webdriverClick: true, pageLoadStrategy: normal, platform: WINDOWS, platformName: WINDOWS, platformVersion: 10.0, rotatable: false, setWindowRect: true, strictFileInteractability: false, timeouts: {implicit: 0, pageLoad: 300000, script: 30000}, unhandledPromptBehavior: dismiss and notify, webdriver.remote.sessionid: 73edd1f9-b1bb-4de5-959e-e17...}
Session ID: 73edd1f9-b1bb-4de5-959e-e17ad0cec0c7
at org.openqa.selenium.support.ui.WebDriverWait.timeoutException(WebDriverWait.java:95)
at org.openqa.selenium.support.ui.FluentWait.until(FluentWait.java:272)
at org.thetestingmap.testingchallenges.pages.BasePage.find_aroundBody2(BasePage.java:40)
at org.thetestingmap.testingchallenges.pages.BasePage$AjcClosure3.run(BasePage.java:1)
at io.qameta.allure.aspects.StepsAspects.step(StepsAspects.java:51)
at org.thetestingmap.testingchallenges.pages.BasePage.find(BasePage.java:38)
at org.thetestingmap.testingchallenges.pages.Challenge1Page.changeAttributeValueByClassName_aroundBody4(Challenge1Page.java:43)
at org.thetestingmap.testingchallenges.pages.Challenge1Page$AjcClosure5.run(Challenge1Page.java:1)
at io.qameta.allure.aspects.StepsAspects.step(StepsAspects.java:51)
at org.thetestingmap.testingchallenges.pages.Challenge1Page.changeAttributeValueByClassName(Challenge1Page.java:39)
at org.thetestingmap.testingchallenges.challenge_1.NegativeFirstNameTest.gettingAdminRootsTest(NegativeFirstNameTest.java:39)
at java.util.ArrayList.forEach(ArrayList.java:1257)
at java.util.concurrent.FutureTask.run(FutureTask.java:266)
at java.util.concurrent.ThreadPoolExecutor.runWorker(ThreadPoolExecutor.java:1149)
at java.util.concurrent.ThreadPoolExecutor$Worker.run(ThreadPoolExecutor.java:624)
at java.lang.Thread.run(Thread.java:748)
... Removed 20 stack frames]]>
    </failure>
  </testcase> <!-- gettingAdminRootsTest -->
  <testcase name="notNumericLoginTest" time="1.218" classname="org.thetestingmap.testingchallenges.challenge_2.TypeNotNumericValueTest"/>
  <testcase name="gettingAdminRootsTest" time="5.657" classname="org.thetestingmap.testingchallenges.challenge_1.NegativeFirstNameTest">
    <failure type="org.openqa.selenium.TimeoutException" message="Expected condition failed: waiting for visibility of element located by By.xpath: //input[@name=&amp;apos;user_right_as_admin&amp;apos;] (tried for 5 second(s) with 500 milliseconds interval)
Build info: version: &amp;apos;3.141.59&amp;apos;, revision: &amp;apos;e82be7d358&amp;apos;, time: &amp;apos;2018-11-14T08:17:03&amp;apos;
System info: host: &amp;apos;DESKTOP-8H0MF42&amp;apos;, ip: &amp;apos;192.168.100.42&amp;apos;, os.name: &amp;apos;Windows 10&amp;apos;, os.arch: &amp;apos;amd64&amp;apos;, os.version: &amp;apos;10.0&amp;apos;, java.version: &amp;apos;1.8.0_221&amp;apos;
Driver info: org.openqa.selenium.remote.RemoteWebDriver
Capabilities {acceptInsecureCerts: false, browserName: chrome, browserVersion: 83.0.4103.97, chrome: {chromedriverVersion: 83.0.4103.39 (ccbf011cb2d2b..., userDataDir: C:\Users\ALEKSA~1\AppData\L...}, goog:chromeOptions: {debuggerAddress: localhost:63105}, javascriptEnabled: true, networkConnectionEnabled: false, pageLoadStrategy: normal, platform: WINDOWS, platformName: WINDOWS, proxy: Proxy(), setWindowRect: true, strictFileInteractability: false, timeouts: {implicit: 0, pageLoad: 300000, script: 30000}, unhandledPromptBehavior: dismiss and notify, webauthn:virtualAuthenticators: true, webdriver.remote.sessionid: 1d1363a1a624d89a6b0b3cd7ec8...}
Session ID: 1d1363a1a624d89a6b0b3cd7ec8a9b46">
      <![CDATA[org.openqa.selenium.TimeoutException: Expected condition failed: waiting for visibility of element located by By.xpath: //input[@name='user_right_as_admin'] (tried for 5 second(s) with 500 milliseconds interval)
Build info: version: '3.141.59', revision: 'e82be7d358', time: '2018-11-14T08:17:03'
System info: host: 'DESKTOP-8H0MF42', ip: '192.168.100.42', os.name: 'Windows 10', os.arch: 'amd64', os.version: '10.0', java.version: '1.8.0_221'
Driver info: org.openqa.selenium.remote.RemoteWebDriver
Capabilities {acceptInsecureCerts: false, browserName: chrome, browserVersion: 83.0.4103.97, chrome: {chromedriverVersion: 83.0.4103.39 (ccbf011cb2d2b..., userDataDir: C:\Users\ALEKSA~1\AppData\L...}, goog:chromeOptions: {debuggerAddress: localhost:63105}, javascriptEnabled: true, networkConnectionEnabled: false, pageLoadStrategy: normal, platform: WINDOWS, platformName: WINDOWS, proxy: Proxy(), setWindowRect: true, strictFileInteractability: false, timeouts: {implicit: 0, pageLoad: 300000, script: 30000}, unhandledPromptBehavior: dismiss and notify, webauthn:virtualAuthenticators: true, webdriver.remote.sessionid: 1d1363a1a624d89a6b0b3cd7ec8...}
Session ID: 1d1363a1a624d89a6b0b3cd7ec8a9b46
at org.openqa.selenium.support.ui.WebDriverWait.timeoutException(WebDriverWait.java:95)
at org.openqa.selenium.support.ui.FluentWait.until(FluentWait.java:272)
at org.thetestingmap.testingchallenges.pages.BasePage.find_aroundBody2(BasePage.java:40)
at org.thetestingmap.testingchallenges.pages.BasePage$AjcClosure3.run(BasePage.java:1)
at io.qameta.allure.aspects.StepsAspects.step(StepsAspects.java:51)
at org.thetestingmap.testingchallenges.pages.BasePage.find(BasePage.java:38)
at org.thetestingmap.testingchallenges.pages.Challenge1Page.changeAttributeValueByClassName_aroundBody4(Challenge1Page.java:43)
at org.thetestingmap.testingchallenges.pages.Challenge1Page$AjcClosure5.run(Challenge1Page.java:1)
at io.qameta.allure.aspects.StepsAspects.step(StepsAspects.java:51)
at org.thetestingmap.testingchallenges.pages.Challenge1Page.changeAttributeValueByClassName(Challenge1Page.java:39)
at org.thetestingmap.testingchallenges.challenge_1.NegativeFirstNameTest.gettingAdminRootsTest(NegativeFirstNameTest.java:39)
at java.util.ArrayList.forEach(ArrayList.java:1257)
at java.util.concurrent.FutureTask.run(FutureTask.java:266)
at java.util.concurrent.ThreadPoolExecutor.runWorker(ThreadPoolExecutor.java:1149)
at java.util.concurrent.ThreadPoolExecutor$Worker.run(ThreadPoolExecutor.java:624)
at java.lang.Thread.run(Thread.java:748)
... Removed 20 stack frames]]>
    </failure>
  </testcase> <!-- gettingAdminRootsTest -->
  <testcase name="negativeLogInTest" time="1.256" classname="org.thetestingmap.testingchallenges.challenge_1.NegativeFirstNameTest"/>
  <testcase name="notNumericLoginTest" time="1.302" classname="org.thetestingmap.testingchallenges.challenge_2.TypeNotNumericValueTest"/>
  <testcase name="negativeLogInTest" time="1.249" classname="org.thetestingmap.testingchallenges.challenge_1.NegativeFirstNameTest"/>
  <testcase name="negativeLogInTest" time="1.362" classname="org.thetestingmap.testingchallenges.challenge_1.NegativeFirstNameTest"/>
  <testcase name="negativeLogInTest" time="1.191" classname="org.thetestingmap.testingchallenges.challenge_1.NegativeFirstNameTest"/>
  <testcase name="negativeLogInTest" time="1.313" classname="org.thetestingmap.testingchallenges.challenge_1.NegativeFirstNameTest"/>
  <testcase name="negativeLogInTest" time="1.289" classname="org.thetestingmap.testingchallenges.challenge_1.NegativeFirstNameTest"/>
  <testcase name="negativeLogInTest" time="1.3" classname="org.thetestingmap.testingchallenges.challenge_1.NegativeFirstNameTest"/>
  <testcase name="negativeLogInTest" time="1.148" classname="org.thetestingmap.testingchallenges.challenge_1.NegativeFirstNameTest"/>
  <testcase name="negativeLogInTest" time="1.101" classname="org.thetestingmap.testingchallenges.challenge_1.NegativeFirstNameTest"/>
  <testcase name="negativeLogInTest" time="1.192" classname="org.thetestingmap.testingchallenges.challenge_1.NegativeFirstNameTest"/>
  <testcase name="negativeLogInTest" time="1.165" classname="org.thetestingmap.testingchallenges.challenge_1.NegativeFirstNameTest"/>
  <testcase name="negativeLogInTest" time="1.263" classname="org.thetestingmap.testingchallenges.challenge_1.NegativeFirstNameTest"/>
  <testcase name="negativeLogInTest" time="1.237" classname="org.thetestingmap.testingchallenges.challenge_1.NegativeFirstNameTest"/>
  <testcase name="negativeLogInTest" time="1.065" classname="org.thetestingmap.testingchallenges.challenge_1.NegativeFirstNameTest"/>
  <testcase name="negativeLogInTest" time="1.26" classname="org.thetestingmap.testingchallenges.challenge_1.NegativeFirstNameTest"/>
  <testcase name="negativeLogInTest" time="1.185" classname="org.thetestingmap.testingchallenges.challenge_1.NegativeFirstNameTest"/>
  <testcase name="negativeLogInTest" time="1.303" classname="org.thetestingmap.testingchallenges.challenge_1.NegativeFirstNameTest"/>
  <testcase name="negativeLogInTest" time="1.39" classname="org.thetestingmap.testingchallenges.challenge_1.NegativeFirstNameTest"/>
  <testcase name="negativeLogInTest" time="1.198" classname="org.thetestingmap.testingchallenges.challenge_1.NegativeFirstNameTest"/>
  <testcase name="negativeLogInTest" time="1.205" classname="org.thetestingmap.testingchallenges.challenge_1.NegativeFirstNameTest"/>
  <testcase name="negativeLogInTest" time="0.99" classname="org.thetestingmap.testingchallenges.challenge_1.NegativeFirstNameTest"/>
  <testcase name="negativeLogInTest" time="1.059" classname="org.thetestingmap.testingchallenges.challenge_1.NegativeFirstNameTest"/>
  <testcase name="negativeLogInTest" time="1.179" classname="org.thetestingmap.testingchallenges.challenge_1.NegativeFirstNameTest"/>
  <testcase name="negativeLogInTest" time="1.169" classname="org.thetestingmap.testingchallenges.challenge_1.NegativeFirstNameTest"/>
  <testcase name="negativeLogInTest" time="1.08" classname="org.thetestingmap.testingchallenges.challenge_1.NegativeFirstNameTest"/>
  <testcase name="negativeLogInTest" time="1.112" classname="org.thetestingmap.testingchallenges.challenge_1.NegativeFirstNameTest"/>
  <testcase name="negativeLogInTest" time="1.218" classname="org.thetestingmap.testingchallenges.challenge_1.NegativeFirstNameTest"/>
  <testcase name="negativeLogInTest" time="1.161" classname="org.thetestingmap.testingchallenges.challenge_1.NegativeFirstNameTest"/>
  <testcase name="negativeLogInTest" time="0.968" classname="org.thetestingmap.testingchallenges.challenge_1.NegativeFirstNameTest"/>
  <testcase name="negativeLogInTest" time="1.121" classname="org.thetestingmap.testingchallenges.challenge_1.NegativeFirstNameTest"/>
  <testcase name="negativeLogInTest" time="1.035" classname="org.thetestingmap.testingchallenges.challenge_1.NegativeFirstNameTest"/>
  <testcase name="negativeLogInTest" time="1.143" classname="org.thetestingmap.testingchallenges.challenge_1.NegativeFirstNameTest"/>
  <testcase name="negativeLogInTest" time="1.118" classname="org.thetestingmap.testingchallenges.challenge_1.NegativeFirstNameTest"/>
  <testcase name="negativeLogInTest" time="1.076" classname="org.thetestingmap.testingchallenges.challenge_1.NegativeFirstNameTest"/>
  <testcase name="negativeLogInTest" time="1.12" classname="org.thetestingmap.testingchallenges.challenge_1.NegativeFirstNameTest"/>
  <testcase name="negativeLogInTest" time="1.127" classname="org.thetestingmap.testingchallenges.challenge_1.NegativeFirstNameTest"/>
  <testcase name="negativeLogInTest" time="1.196" classname="org.thetestingmap.testingchallenges.challenge_1.NegativeFirstNameTest"/>
  <testcase name="negativeLogInTest" time="1.069" classname="org.thetestingmap.testingchallenges.challenge_1.NegativeFirstNameTest"/>
</testsuite> <!-- Login-chrome -->
